Performing C SOURCE FILE Test CMAKE_HAVE_LIBC_PTHREAD failed with the following output:
Change Dir: /home/whu/Desktop/TQQ/cudaDPF/build/CMakeFiles/CMakeTmp

Run Build Command(s):/usr/bin/make cmTC_68e97/fast && /usr/bin/make -f CMakeFiles/cmTC_68e97.dir/build.make CMakeFiles/cmTC_68e97.dir/build
make[1]: 进入目录“/home/whu/Desktop/TQQ/cudaDPF/build/CMakeFiles/CMakeTmp”
Building C object CMakeFiles/cmTC_68e97.dir/src.c.o
/usr/bin/cc   -fPIC -DCMAKE_HAVE_LIBC_PTHREAD -mrdseed   -o CMakeFiles/cmTC_68e97.dir/src.c.o   -c /home/whu/Desktop/TQQ/cudaDPF/build/CMakeFiles/CMakeTmp/src.c
Linking C executable cmTC_68e97
/usr/bin/cmake -E cmake_link_script CMakeFiles/cmTC_68e97.dir/link.txt --verbose=1
/usr/bin/cc -fPIC -DCMAKE_HAVE_LIBC_PTHREAD -mrdseed    -rdynamic CMakeFiles/cmTC_68e97.dir/src.c.o  -o cmTC_68e97 
/usr/bin/ld: CMakeFiles/cmTC_68e97.dir/src.c.o: in function `main':
src.c:(.text+0x46): undefined reference to `pthread_create'
/usr/bin/ld: src.c:(.text+0x52): undefined reference to `pthread_detach'
/usr/bin/ld: src.c:(.text+0x63): undefined reference to `pthread_join'
collect2: error: ld returned 1 exit status
make[1]: *** [CMakeFiles/cmTC_68e97.dir/build.make:87：cmTC_68e97] 错误 1
make[1]: 离开目录“/home/whu/Desktop/TQQ/cudaDPF/build/CMakeFiles/CMakeTmp”
make: *** [Makefile:121：cmTC_68e97/fast] 错误 2


Source file was:
#include <pthread.h>

void* test_func(void* data)
{
  return data;
}

int main(void)
{
  pthread_t thread;
  pthread_create(&thread, NULL, test_func, NULL);
  pthread_detach(thread);
  pthread_join(thread, NULL);
  pthread_atfork(NULL, NULL, NULL);
  pthread_exit(NULL);

  return 0;
}

Determining if the function pthread_create exists in the pthreads failed with the following output:
Change Dir: /home/whu/Desktop/TQQ/cudaDPF/build/CMakeFiles/CMakeTmp

Run Build Command(s):/usr/bin/make cmTC_3cffe/fast && /usr/bin/make -f CMakeFiles/cmTC_3cffe.dir/build.make CMakeFiles/cmTC_3cffe.dir/build
make[1]: 进入目录“/home/whu/Desktop/TQQ/cudaDPF/build/CMakeFiles/CMakeTmp”
Building C object CMakeFiles/cmTC_3cffe.dir/CheckFunctionExists.c.o
/usr/bin/cc   -fPIC -DCHECK_FUNCTION_EXISTS=pthread_create -mrdseed   -o CMakeFiles/cmTC_3cffe.dir/CheckFunctionExists.c.o   -c /usr/share/cmake-3.16/Modules/CheckFunctionExists.c
Linking C executable cmTC_3cffe
/usr/bin/cmake -E cmake_link_script CMakeFiles/cmTC_3cffe.dir/link.txt --verbose=1
/usr/bin/cc -fPIC -DCHECK_FUNCTION_EXISTS=pthread_create -mrdseed    -rdynamic CMakeFiles/cmTC_3cffe.dir/CheckFunctionExists.c.o  -o cmTC_3cffe  -lpthreads 
/usr/bin/ld: 找不到 -lpthreads
collect2: error: ld returned 1 exit status
make[1]: *** [CMakeFiles/cmTC_3cffe.dir/build.make:87：cmTC_3cffe] 错误 1
make[1]: 离开目录“/home/whu/Desktop/TQQ/cudaDPF/build/CMakeFiles/CMakeTmp”
make: *** [Makefile:121：cmTC_3cffe/fast] 错误 2



